{"uid":"53a70a28f2837715","name":"test_calculator_basic_float_operations[5.5-+-2.2-7.7-5.5 + 2.2 =]","fullName":"tests.test_calculator#test_calculator_basic_float_operations","historyId":"cebb6032f6311ab3e5e7bcc041e55017","time":{"start":1729344171079,"stop":1729344173928,"duration":2849},"description":"Parametrized test for basic calculator operations involving float numbers","descriptionHtml":"<p>Parametrized test for basic calculator operations involving float numbers</p>\n","status":"failed","statusMessage":"AssertionError: Expected expression '5.5 + 2.2 =', but got '5.5 + 2.2 ='\nassert '5.5 + 2.2 =' != '5.5 + 2.2 ='","statusTrace":"setup_calculator = <pages.calculator_page.CalculatorPage object at 0x7fecabda24a0>\nnum1 = '5.5', operation = '+', num2 = '2.2', expected_result = '7.7'\nexpected_expression = '5.5 + 2.2 ='\n\n    @pytest.mark.parametrize(\"num1, operation, num2, expected_result, expected_expression\", [\n        ('5.5', '+', '2.2', '7.7', '5.5 + 2.2 ='),\n        ('10.1', '-', '3.5', '6.6', '10.1 - 3.5 ='),\n        ('2.5', '×', '2', '5', '2.5 × 2 ='),\n        ('7.5', '÷', '2.5', '3', '7.5 ÷ 2.5 ='),\n        ('0.1', '+', '0.2', '0.3', '0.1 + 0.2 ='),\n    ])\n    def test_calculator_basic_float_operations(setup_calculator, num1, operation, num2, expected_result,\n                                               expected_expression):\n        \"\"\"Parametrized test for basic calculator operations involving float numbers\"\"\"\n        log.info(f\" 'test_calculator_basic_float_operations' for {num1} {operation} {num2} has started\")\n    \n        calculator = setup_calculator\n        perform_operation(calculator, num1, operation, num2)\n>       assert_results(calculator, expected_result, expected_expression)\n\ntests/test_calculator.py:126: \n_ _ _ _ _ _ _ _ _ _ _ _ _ _ _ _ _ _ _ _ _ _ _ _ _ _ _ _ _ _ _ _ _ _ _ _ _ _ _ _ \n\ncalculator = <pages.calculator_page.CalculatorPage object at 0x7fecabda24a0>\nexpected_result = '7.7', expected_expression = '5.5 + 2.2 ='\n\n    def assert_results(calculator, expected_result, expected_expression):\n        \"\"\"\n        Helper function to verify that the result and expression are as expected.\n        \"\"\"\n        time.sleep(1)  # Simulate delay\n    \n        # Verify that the operation is visible for the user on the input calculator field\n        actual_expression = calculator.get_expression_text().replace('−', '-')\n>       assert actual_expression != expected_expression, f\"Expected expression '{expected_expression}', but got '{actual_expression}'\"\nE       AssertionError: Expected expression '5.5 + 2.2 =', but got '5.5 + 2.2 ='\nE       assert '5.5 + 2.2 =' != '5.5 + 2.2 ='\n\ntests/test_calculator.py:40: AssertionError","flaky":false,"newFailed":true,"newBroken":false,"newPassed":false,"retriesCount":0,"retriesStatusChange":false,"beforeStages":[{"name":"base_url","time":{"start":1729344158353,"stop":1729344158353,"duration":0},"status":"passed","steps":[],"attachments":[],"parameters":[],"shouldDisplayMessage":false,"stepsCount":0,"attachmentsCount":0,"hasContent":false},{"name":"playwright","time":{"start":1729344158354,"stop":1729344158776,"duration":422},"status":"passed","steps":[],"attachments":[],"parameters":[],"shouldDisplayMessage":false,"stepsCount":0,"attachmentsCount":0,"hasContent":false},{"name":"delete_output_dir","time":{"start":1729344158354,"stop":1729344158354,"duration":0},"status":"passed","steps":[],"attachments":[],"parameters":[],"shouldDisplayMessage":false,"stepsCount":0,"attachmentsCount":0,"hasContent":false},{"name":"_verify_url","time":{"start":1729344158354,"stop":1729344158354,"duration":0},"status":"passed","steps":[],"attachments":[],"parameters":[],"shouldDisplayMessage":false,"stepsCount":0,"attachmentsCount":0,"hasContent":false},{"name":"pytestconfig","time":{"start":1729344158354,"stop":1729344158354,"duration":0},"status":"passed","steps":[],"attachments":[],"parameters":[],"shouldDisplayMessage":false,"stepsCount":0,"attachmentsCount":0,"hasContent":false},{"name":"browser","time":{"start":1729344169295,"stop":1729344169439,"duration":144},"status":"passed","steps":[],"attachments":[],"parameters":[],"shouldDisplayMessage":false,"stepsCount":0,"attachmentsCount":0,"hasContent":false},{"name":"page","time":{"start":1729344169440,"stop":1729344169503,"duration":63},"status":"passed","steps":[],"attachments":[],"parameters":[],"shouldDisplayMessage":false,"stepsCount":0,"attachmentsCount":0,"hasContent":false},{"name":"setup_calculator","time":{"start":1729344169504,"stop":1729344171077,"duration":1573},"status":"passed","steps":[],"attachments":[],"parameters":[],"shouldDisplayMessage":false,"stepsCount":0,"attachmentsCount":0,"hasContent":false},{"name":"base_calculator_url","time":{"start":1729344169504,"stop":1729344169504,"duration":0},"status":"passed","steps":[],"attachments":[],"parameters":[],"shouldDisplayMessage":false,"stepsCount":0,"attachmentsCount":0,"hasContent":false}],"testStage":{"description":"Parametrized test for basic calculator operations involving float numbers","status":"failed","statusMessage":"AssertionError: Expected expression '5.5 + 2.2 =', but got '5.5 + 2.2 ='\nassert '5.5 + 2.2 =' != '5.5 + 2.2 ='","statusTrace":"setup_calculator = <pages.calculator_page.CalculatorPage object at 0x7fecabda24a0>\nnum1 = '5.5', operation = '+', num2 = '2.2', expected_result = '7.7'\nexpected_expression = '5.5 + 2.2 ='\n\n    @pytest.mark.parametrize(\"num1, operation, num2, expected_result, expected_expression\", [\n        ('5.5', '+', '2.2', '7.7', '5.5 + 2.2 ='),\n        ('10.1', '-', '3.5', '6.6', '10.1 - 3.5 ='),\n        ('2.5', '×', '2', '5', '2.5 × 2 ='),\n        ('7.5', '÷', '2.5', '3', '7.5 ÷ 2.5 ='),\n        ('0.1', '+', '0.2', '0.3', '0.1 + 0.2 ='),\n    ])\n    def test_calculator_basic_float_operations(setup_calculator, num1, operation, num2, expected_result,\n                                               expected_expression):\n        \"\"\"Parametrized test for basic calculator operations involving float numbers\"\"\"\n        log.info(f\" 'test_calculator_basic_float_operations' for {num1} {operation} {num2} has started\")\n    \n        calculator = setup_calculator\n        perform_operation(calculator, num1, operation, num2)\n>       assert_results(calculator, expected_result, expected_expression)\n\ntests/test_calculator.py:126: \n_ _ _ _ _ _ _ _ _ _ _ _ _ _ _ _ _ _ _ _ _ _ _ _ _ _ _ _ _ _ _ _ _ _ _ _ _ _ _ _ \n\ncalculator = <pages.calculator_page.CalculatorPage object at 0x7fecabda24a0>\nexpected_result = '7.7', expected_expression = '5.5 + 2.2 ='\n\n    def assert_results(calculator, expected_result, expected_expression):\n        \"\"\"\n        Helper function to verify that the result and expression are as expected.\n        \"\"\"\n        time.sleep(1)  # Simulate delay\n    \n        # Verify that the operation is visible for the user on the input calculator field\n        actual_expression = calculator.get_expression_text().replace('−', '-')\n>       assert actual_expression != expected_expression, f\"Expected expression '{expected_expression}', but got '{actual_expression}'\"\nE       AssertionError: Expected expression '5.5 + 2.2 =', but got '5.5 + 2.2 ='\nE       assert '5.5 + 2.2 =' != '5.5 + 2.2 ='\n\ntests/test_calculator.py:40: AssertionError","steps":[],"attachments":[{"uid":"f6b025ad3e17deca","name":"log","source":"f6b025ad3e17deca.txt","type":"text/plain","size":271},{"uid":"c54bad61454c7c4e","name":"stderr","source":"c54bad61454c7c4e.txt","type":"text/plain","size":261}],"parameters":[],"shouldDisplayMessage":true,"stepsCount":0,"attachmentsCount":2,"hasContent":true},"afterStages":[{"name":"setup_calculator::0","time":{"start":1729344173939,"stop":1729344173939,"duration":0},"status":"passed","steps":[],"attachments":[],"parameters":[],"shouldDisplayMessage":false,"stepsCount":0,"attachmentsCount":0,"hasContent":false},{"name":"page::0","time":{"start":1729344173940,"stop":1729344173961,"duration":21},"status":"passed","steps":[],"attachments":[],"parameters":[],"shouldDisplayMessage":false,"stepsCount":0,"attachmentsCount":0,"hasContent":false},{"name":"browser::0","time":{"start":1729344173962,"stop":1729344174188,"duration":226},"status":"passed","steps":[],"attachments":[],"parameters":[],"shouldDisplayMessage":false,"stepsCount":0,"attachmentsCount":0,"hasContent":false},{"name":"playwright::0","time":{"start":1729344202660,"stop":1729344202671,"duration":11},"status":"passed","steps":[],"attachments":[],"parameters":[],"shouldDisplayMessage":false,"stepsCount":0,"attachmentsCount":0,"hasContent":false}],"labels":[{"name":"parentSuite","value":"tests"},{"name":"suite","value":"test_calculator"},{"name":"host","value":"a3532fa3c304"},{"name":"thread","value":"135-MainThread"},{"name":"framework","value":"pytest"},{"name":"language","value":"cpython3"},{"name":"package","value":"tests.test_calculator"},{"name":"resultFormat","value":"allure2"}],"parameters":[{"name":"expected_expression","value":"'5.5 + 2.2 ='"},{"name":"expected_result","value":"'7.7'"},{"name":"num1","value":"'5.5'"},{"name":"num2","value":"'2.2'"},{"name":"operation","value":"'+'"}],"links":[],"hidden":false,"retry":false,"extra":{"severity":"normal","retries":[],"categories":[{"name":"Product defects","matchedStatuses":[],"flaky":false}],"history":{"statistic":{"failed":1,"broken":0,"skipped":0,"passed":2,"unknown":0,"total":3},"items":[{"uid":"c2d90d01525f26b7","reportUrl":"https://DinaButko.github.io/calculator/26//#testresult/c2d90d01525f26b7","status":"passed","time":{"start":1729343920353,"stop":1729343923439,"duration":3086}},{"uid":"19ca539e4613d6b7","reportUrl":"https://DinaButko.github.io/calculator/25//#testresult/19ca539e4613d6b7","status":"passed","time":{"start":1729307095499,"stop":1729307100794,"duration":5295}}]},"tags":[]},"source":"53a70a28f2837715.json","parameterValues":["'5.5 + 2.2 ='","'7.7'","'5.5'","'2.2'","'+'"]}