{"uid":"6f794d6c280dedce","name":"test_calculator_basic_float_operations[0.1-+-0.2-0.3-0.1 + 0.2 =]","fullName":"tests.test_calculator#test_calculator_basic_float_operations","historyId":"497512a1ee637aa856fcae1a9e9d1e69","time":{"start":1729344177284,"stop":1729344180255,"duration":2971},"description":"Parametrized test for basic calculator operations involving float numbers","descriptionHtml":"<p>Parametrized test for basic calculator operations involving float numbers</p>\n","status":"failed","statusMessage":"AssertionError: Expected expression '0.1 + 0.2 =', but got '0.1 + 0.2 ='\nassert '0.1 + 0.2 =' != '0.1 + 0.2 ='","statusTrace":"setup_calculator = <pages.calculator_page.CalculatorPage object at 0x7f496c385900>\nnum1 = '0.1', operation = '+', num2 = '0.2', expected_result = '0.3'\nexpected_expression = '0.1 + 0.2 ='\n\n    @pytest.mark.parametrize(\"num1, operation, num2, expected_result, expected_expression\", [\n        ('5.5', '+', '2.2', '7.7', '5.5 + 2.2 ='),\n        ('10.1', '-', '3.5', '6.6', '10.1 - 3.5 ='),\n        ('2.5', '×', '2', '5', '2.5 × 2 ='),\n        ('7.5', '÷', '2.5', '3', '7.5 ÷ 2.5 ='),\n        ('0.1', '+', '0.2', '0.3', '0.1 + 0.2 ='),\n    ])\n    def test_calculator_basic_float_operations(setup_calculator, num1, operation, num2, expected_result,\n                                               expected_expression):\n        \"\"\"Parametrized test for basic calculator operations involving float numbers\"\"\"\n        log.info(f\" 'test_calculator_basic_float_operations' for {num1} {operation} {num2} has started\")\n    \n        calculator = setup_calculator\n        perform_operation(calculator, num1, operation, num2)\n>       assert_results(calculator, expected_result, expected_expression)\n\ntests/test_calculator.py:126: \n_ _ _ _ _ _ _ _ _ _ _ _ _ _ _ _ _ _ _ _ _ _ _ _ _ _ _ _ _ _ _ _ _ _ _ _ _ _ _ _ \n\ncalculator = <pages.calculator_page.CalculatorPage object at 0x7f496c385900>\nexpected_result = '0.3', expected_expression = '0.1 + 0.2 ='\n\n    def assert_results(calculator, expected_result, expected_expression):\n        \"\"\"\n        Helper function to verify that the result and expression are as expected.\n        \"\"\"\n        time.sleep(1)  # Simulate delay\n    \n        # Verify that the operation is visible for the user on the input calculator field\n        actual_expression = calculator.get_expression_text().replace('−', '-')\n>       assert actual_expression != expected_expression, f\"Expected expression '{expected_expression}', but got '{actual_expression}'\"\nE       AssertionError: Expected expression '0.1 + 0.2 =', but got '0.1 + 0.2 ='\nE       assert '0.1 + 0.2 =' != '0.1 + 0.2 ='\n\ntests/test_calculator.py:40: AssertionError","flaky":false,"newFailed":true,"newBroken":false,"newPassed":false,"retriesCount":0,"retriesStatusChange":false,"beforeStages":[{"name":"base_url","time":{"start":1729344158353,"stop":1729344158353,"duration":0},"status":"passed","steps":[],"attachments":[],"parameters":[],"shouldDisplayMessage":false,"stepsCount":0,"attachmentsCount":0,"hasContent":false},{"name":"_verify_url","time":{"start":1729344158353,"stop":1729344158354,"duration":1},"status":"passed","steps":[],"attachments":[],"parameters":[],"shouldDisplayMessage":false,"stepsCount":0,"attachmentsCount":0,"hasContent":false},{"name":"delete_output_dir","time":{"start":1729344158354,"stop":1729344158354,"duration":0},"status":"passed","steps":[],"attachments":[],"parameters":[],"shouldDisplayMessage":false,"stepsCount":0,"attachmentsCount":0,"hasContent":false},{"name":"pytestconfig","time":{"start":1729344158354,"stop":1729344158354,"duration":0},"status":"passed","steps":[],"attachments":[],"parameters":[],"shouldDisplayMessage":false,"stepsCount":0,"attachmentsCount":0,"hasContent":false},{"name":"playwright","time":{"start":1729344158354,"stop":1729344158818,"duration":464},"status":"passed","steps":[],"attachments":[],"parameters":[],"shouldDisplayMessage":false,"stepsCount":0,"attachmentsCount":0,"hasContent":false},{"name":"browser","time":{"start":1729344175603,"stop":1729344175935,"duration":332},"status":"passed","steps":[],"attachments":[],"parameters":[],"shouldDisplayMessage":false,"stepsCount":0,"attachmentsCount":0,"hasContent":false},{"name":"page","time":{"start":1729344175935,"stop":1729344176022,"duration":87},"status":"passed","steps":[],"attachments":[],"parameters":[],"shouldDisplayMessage":false,"stepsCount":0,"attachmentsCount":0,"hasContent":false},{"name":"base_calculator_url","time":{"start":1729344176022,"stop":1729344176023,"duration":1},"status":"passed","steps":[],"attachments":[],"parameters":[],"shouldDisplayMessage":false,"stepsCount":0,"attachmentsCount":0,"hasContent":false},{"name":"setup_calculator","time":{"start":1729344176023,"stop":1729344177282,"duration":1259},"status":"passed","steps":[],"attachments":[],"parameters":[],"shouldDisplayMessage":false,"stepsCount":0,"attachmentsCount":0,"hasContent":false}],"testStage":{"description":"Parametrized test for basic calculator operations involving float numbers","status":"failed","statusMessage":"AssertionError: Expected expression '0.1 + 0.2 =', but got '0.1 + 0.2 ='\nassert '0.1 + 0.2 =' != '0.1 + 0.2 ='","statusTrace":"setup_calculator = <pages.calculator_page.CalculatorPage object at 0x7f496c385900>\nnum1 = '0.1', operation = '+', num2 = '0.2', expected_result = '0.3'\nexpected_expression = '0.1 + 0.2 ='\n\n    @pytest.mark.parametrize(\"num1, operation, num2, expected_result, expected_expression\", [\n        ('5.5', '+', '2.2', '7.7', '5.5 + 2.2 ='),\n        ('10.1', '-', '3.5', '6.6', '10.1 - 3.5 ='),\n        ('2.5', '×', '2', '5', '2.5 × 2 ='),\n        ('7.5', '÷', '2.5', '3', '7.5 ÷ 2.5 ='),\n        ('0.1', '+', '0.2', '0.3', '0.1 + 0.2 ='),\n    ])\n    def test_calculator_basic_float_operations(setup_calculator, num1, operation, num2, expected_result,\n                                               expected_expression):\n        \"\"\"Parametrized test for basic calculator operations involving float numbers\"\"\"\n        log.info(f\" 'test_calculator_basic_float_operations' for {num1} {operation} {num2} has started\")\n    \n        calculator = setup_calculator\n        perform_operation(calculator, num1, operation, num2)\n>       assert_results(calculator, expected_result, expected_expression)\n\ntests/test_calculator.py:126: \n_ _ _ _ _ _ _ _ _ _ _ _ _ _ _ _ _ _ _ _ _ _ _ _ _ _ _ _ _ _ _ _ _ _ _ _ _ _ _ _ \n\ncalculator = <pages.calculator_page.CalculatorPage object at 0x7f496c385900>\nexpected_result = '0.3', expected_expression = '0.1 + 0.2 ='\n\n    def assert_results(calculator, expected_result, expected_expression):\n        \"\"\"\n        Helper function to verify that the result and expression are as expected.\n        \"\"\"\n        time.sleep(1)  # Simulate delay\n    \n        # Verify that the operation is visible for the user on the input calculator field\n        actual_expression = calculator.get_expression_text().replace('−', '-')\n>       assert actual_expression != expected_expression, f\"Expected expression '{expected_expression}', but got '{actual_expression}'\"\nE       AssertionError: Expected expression '0.1 + 0.2 =', but got '0.1 + 0.2 ='\nE       assert '0.1 + 0.2 =' != '0.1 + 0.2 ='\n\ntests/test_calculator.py:40: AssertionError","steps":[],"attachments":[{"uid":"9c63499e5640106c","name":"log","source":"9c63499e5640106c.txt","type":"text/plain","size":271},{"uid":"7ae3cabee19ce9fa","name":"stderr","source":"7ae3cabee19ce9fa.txt","type":"text/plain","size":261}],"parameters":[],"shouldDisplayMessage":true,"stepsCount":0,"attachmentsCount":2,"hasContent":true},"afterStages":[{"name":"setup_calculator::0","time":{"start":1729344180275,"stop":1729344180276,"duration":1},"status":"passed","steps":[],"attachments":[],"parameters":[],"shouldDisplayMessage":false,"stepsCount":0,"attachmentsCount":0,"hasContent":false},{"name":"page::0","time":{"start":1729344180276,"stop":1729344180307,"duration":31},"status":"passed","steps":[],"attachments":[],"parameters":[],"shouldDisplayMessage":false,"stepsCount":0,"attachmentsCount":0,"hasContent":false},{"name":"browser::0","time":{"start":1729344180307,"stop":1729344180588,"duration":281},"status":"passed","steps":[],"attachments":[],"parameters":[],"shouldDisplayMessage":false,"stepsCount":0,"attachmentsCount":0,"hasContent":false},{"name":"playwright::0","time":{"start":1729344202057,"stop":1729344202075,"duration":18},"status":"passed","steps":[],"attachments":[],"parameters":[],"shouldDisplayMessage":false,"stepsCount":0,"attachmentsCount":0,"hasContent":false}],"labels":[{"name":"parentSuite","value":"tests"},{"name":"suite","value":"test_calculator"},{"name":"host","value":"a3532fa3c304"},{"name":"thread","value":"138-MainThread"},{"name":"framework","value":"pytest"},{"name":"language","value":"cpython3"},{"name":"package","value":"tests.test_calculator"},{"name":"resultFormat","value":"allure2"}],"parameters":[{"name":"expected_expression","value":"'0.1 + 0.2 ='"},{"name":"expected_result","value":"'0.3'"},{"name":"num1","value":"'0.1'"},{"name":"num2","value":"'0.2'"},{"name":"operation","value":"'+'"}],"links":[],"hidden":false,"retry":false,"extra":{"severity":"normal","retries":[],"categories":[{"name":"Product defects","matchedStatuses":[],"flaky":false}],"history":{"statistic":{"failed":1,"broken":0,"skipped":0,"passed":2,"unknown":0,"total":3},"items":[{"uid":"24ba4d27827d5aa9","reportUrl":"https://DinaButko.github.io/calculator/26//#testresult/24ba4d27827d5aa9","status":"passed","time":{"start":1729343926845,"stop":1729343931753,"duration":4908}},{"uid":"99866e22bacb0e50","reportUrl":"https://DinaButko.github.io/calculator/25//#testresult/99866e22bacb0e50","status":"passed","time":{"start":1729307102428,"stop":1729307107869,"duration":5441}}]},"tags":[]},"source":"6f794d6c280dedce.json","parameterValues":["'0.1 + 0.2 ='","'0.3'","'0.1'","'0.2'","'+'"]}