{"uid":"f1d89858719befb7","name":"test_calculator_basic_float_operations[5.5-+-2.2-7.7-5.5 + 2.2 =]","fullName":"tests.test_calculator#test_calculator_basic_float_operations","historyId":"cebb6032f6311ab3e5e7bcc041e55017","time":{"start":1729344640217,"stop":1729344643139,"duration":2922},"description":"Parametrized test for basic calculator operations involving float numbers","descriptionHtml":"<p>Parametrized test for basic calculator operations involving float numbers</p>\n","status":"failed","statusMessage":"AssertionError: Expected expression '5.5 + 2.2 =', but got '5.5 + 2.2 ='\nassert '5.5 + 2.2 =' != '5.5 + 2.2 ='","statusTrace":"setup_calculator = <pages.calculator_page.CalculatorPage object at 0x7f52aa9b5960>\nnum1 = '5.5', operation = '+', num2 = '2.2', expected_result = '7.7'\nexpected_expression = '5.5 + 2.2 ='\n\n    @pytest.mark.parametrize(\"num1, operation, num2, expected_result, expected_expression\", [\n        ('5.5', '+', '2.2', '7.7', '5.5 + 2.2 ='),\n        ('10.1', '-', '3.5', '6.6', '10.1 - 3.5 ='),\n        ('2.5', '×', '2', '5', '2.5 × 2 ='),\n        ('7.5', '÷', '2.5', '3', '7.5 ÷ 2.5 ='),\n        ('0.1', '+', '0.2', '0.3', '0.1 + 0.2 ='),\n    ])\n    def test_calculator_basic_float_operations(setup_calculator, num1, operation, num2, expected_result,\n                                               expected_expression):\n        \"\"\"Parametrized test for basic calculator operations involving float numbers\"\"\"\n        log.info(f\" 'test_calculator_basic_float_operations' for {num1} {operation} {num2} has started\")\n    \n        calculator = setup_calculator\n        perform_operation(calculator, num1, operation, num2)\n>       assert_results(calculator, expected_result, expected_expression)\n\ntests/test_calculator.py:126: \n_ _ _ _ _ _ _ _ _ _ _ _ _ _ _ _ _ _ _ _ _ _ _ _ _ _ _ _ _ _ _ _ _ _ _ _ _ _ _ _ \n\ncalculator = <pages.calculator_page.CalculatorPage object at 0x7f52aa9b5960>\nexpected_result = '7.7', expected_expression = '5.5 + 2.2 ='\n\n    def assert_results(calculator, expected_result, expected_expression):\n        \"\"\"\n        Helper function to verify that the result and expression are as expected.\n        \"\"\"\n        time.sleep(1)  # Simulate delay\n    \n        # Verify that the operation is visible for the user on the input calculator field\n        actual_expression = calculator.get_expression_text().replace('−', '-')\n>       assert actual_expression != expected_expression, f\"Expected expression '{expected_expression}', but got '{actual_expression}'\"\nE       AssertionError: Expected expression '5.5 + 2.2 =', but got '5.5 + 2.2 ='\nE       assert '5.5 + 2.2 =' != '5.5 + 2.2 ='\n\ntests/test_calculator.py:40: AssertionError","flaky":false,"newFailed":false,"newBroken":false,"newPassed":false,"retriesCount":0,"retriesStatusChange":false,"beforeStages":[{"name":"_verify_url","time":{"start":1729344627899,"stop":1729344627900,"duration":1},"status":"passed","steps":[],"attachments":[],"parameters":[],"shouldDisplayMessage":false,"stepsCount":0,"attachmentsCount":0,"hasContent":false},{"name":"base_url","time":{"start":1729344627899,"stop":1729344627899,"duration":0},"status":"passed","steps":[],"attachments":[],"parameters":[],"shouldDisplayMessage":false,"stepsCount":0,"attachmentsCount":0,"hasContent":false},{"name":"delete_output_dir","time":{"start":1729344627900,"stop":1729344627900,"duration":0},"status":"passed","steps":[],"attachments":[],"parameters":[],"shouldDisplayMessage":false,"stepsCount":0,"attachmentsCount":0,"hasContent":false},{"name":"pytestconfig","time":{"start":1729344627900,"stop":1729344627900,"duration":0},"status":"passed","steps":[],"attachments":[],"parameters":[],"shouldDisplayMessage":false,"stepsCount":0,"attachmentsCount":0,"hasContent":false},{"name":"playwright","time":{"start":1729344627900,"stop":1729344628309,"duration":409},"status":"passed","steps":[],"attachments":[],"parameters":[],"shouldDisplayMessage":false,"stepsCount":0,"attachmentsCount":0,"hasContent":false},{"name":"browser","time":{"start":1729344638653,"stop":1729344638811,"duration":158},"status":"passed","steps":[],"attachments":[],"parameters":[],"shouldDisplayMessage":false,"stepsCount":0,"attachmentsCount":0,"hasContent":false},{"name":"page","time":{"start":1729344638812,"stop":1729344638871,"duration":59},"status":"passed","steps":[],"attachments":[],"parameters":[],"shouldDisplayMessage":false,"stepsCount":0,"attachmentsCount":0,"hasContent":false},{"name":"setup_calculator","time":{"start":1729344638871,"stop":1729344640215,"duration":1344},"status":"passed","steps":[],"attachments":[],"parameters":[],"shouldDisplayMessage":false,"stepsCount":0,"attachmentsCount":0,"hasContent":false},{"name":"base_calculator_url","time":{"start":1729344638871,"stop":1729344638871,"duration":0},"status":"passed","steps":[],"attachments":[],"parameters":[],"shouldDisplayMessage":false,"stepsCount":0,"attachmentsCount":0,"hasContent":false}],"testStage":{"description":"Parametrized test for basic calculator operations involving float numbers","status":"failed","statusMessage":"AssertionError: Expected expression '5.5 + 2.2 =', but got '5.5 + 2.2 ='\nassert '5.5 + 2.2 =' != '5.5 + 2.2 ='","statusTrace":"setup_calculator = <pages.calculator_page.CalculatorPage object at 0x7f52aa9b5960>\nnum1 = '5.5', operation = '+', num2 = '2.2', expected_result = '7.7'\nexpected_expression = '5.5 + 2.2 ='\n\n    @pytest.mark.parametrize(\"num1, operation, num2, expected_result, expected_expression\", [\n        ('5.5', '+', '2.2', '7.7', '5.5 + 2.2 ='),\n        ('10.1', '-', '3.5', '6.6', '10.1 - 3.5 ='),\n        ('2.5', '×', '2', '5', '2.5 × 2 ='),\n        ('7.5', '÷', '2.5', '3', '7.5 ÷ 2.5 ='),\n        ('0.1', '+', '0.2', '0.3', '0.1 + 0.2 ='),\n    ])\n    def test_calculator_basic_float_operations(setup_calculator, num1, operation, num2, expected_result,\n                                               expected_expression):\n        \"\"\"Parametrized test for basic calculator operations involving float numbers\"\"\"\n        log.info(f\" 'test_calculator_basic_float_operations' for {num1} {operation} {num2} has started\")\n    \n        calculator = setup_calculator\n        perform_operation(calculator, num1, operation, num2)\n>       assert_results(calculator, expected_result, expected_expression)\n\ntests/test_calculator.py:126: \n_ _ _ _ _ _ _ _ _ _ _ _ _ _ _ _ _ _ _ _ _ _ _ _ _ _ _ _ _ _ _ _ _ _ _ _ _ _ _ _ \n\ncalculator = <pages.calculator_page.CalculatorPage object at 0x7f52aa9b5960>\nexpected_result = '7.7', expected_expression = '5.5 + 2.2 ='\n\n    def assert_results(calculator, expected_result, expected_expression):\n        \"\"\"\n        Helper function to verify that the result and expression are as expected.\n        \"\"\"\n        time.sleep(1)  # Simulate delay\n    \n        # Verify that the operation is visible for the user on the input calculator field\n        actual_expression = calculator.get_expression_text().replace('−', '-')\n>       assert actual_expression != expected_expression, f\"Expected expression '{expected_expression}', but got '{actual_expression}'\"\nE       AssertionError: Expected expression '5.5 + 2.2 =', but got '5.5 + 2.2 ='\nE       assert '5.5 + 2.2 =' != '5.5 + 2.2 ='\n\ntests/test_calculator.py:40: AssertionError","steps":[],"attachments":[{"uid":"8586160cb18e4cd9","name":"log","source":"8586160cb18e4cd9.txt","type":"text/plain","size":271},{"uid":"7dd7f4f57eb0159a","name":"stderr","source":"7dd7f4f57eb0159a.txt","type":"text/plain","size":261}],"parameters":[],"shouldDisplayMessage":true,"stepsCount":0,"attachmentsCount":2,"hasContent":true},"afterStages":[{"name":"setup_calculator::0","time":{"start":1729344643158,"stop":1729344643158,"duration":0},"status":"passed","steps":[],"attachments":[],"parameters":[],"shouldDisplayMessage":false,"stepsCount":0,"attachmentsCount":0,"hasContent":false},{"name":"page::0","time":{"start":1729344643158,"stop":1729344643186,"duration":28},"status":"passed","steps":[],"attachments":[],"parameters":[],"shouldDisplayMessage":false,"stepsCount":0,"attachmentsCount":0,"hasContent":false},{"name":"browser::0","time":{"start":1729344643186,"stop":1729344643472,"duration":286},"status":"passed","steps":[],"attachments":[],"parameters":[],"shouldDisplayMessage":false,"stepsCount":0,"attachmentsCount":0,"hasContent":false},{"name":"playwright::0","time":{"start":1729344671962,"stop":1729344671974,"duration":12},"status":"passed","steps":[],"attachments":[],"parameters":[],"shouldDisplayMessage":false,"stepsCount":0,"attachmentsCount":0,"hasContent":false}],"labels":[{"name":"parentSuite","value":"tests"},{"name":"suite","value":"test_calculator"},{"name":"host","value":"2f096a177c2e"},{"name":"thread","value":"133-MainThread"},{"name":"framework","value":"pytest"},{"name":"language","value":"cpython3"},{"name":"package","value":"tests.test_calculator"},{"name":"resultFormat","value":"allure2"}],"parameters":[{"name":"expected_expression","value":"'5.5 + 2.2 ='"},{"name":"expected_result","value":"'7.7'"},{"name":"num1","value":"'5.5'"},{"name":"num2","value":"'2.2'"},{"name":"operation","value":"'+'"}],"links":[],"hidden":false,"retry":false,"extra":{"severity":"normal","retries":[],"categories":[{"name":"Product defects","matchedStatuses":[],"flaky":false}],"history":{"statistic":{"failed":3,"broken":0,"skipped":0,"passed":2,"unknown":0,"total":5},"items":[{"uid":"7cf62618ef0cd9a5","reportUrl":"https://DinaButko.github.io/calculator/28//#testresult/7cf62618ef0cd9a5","status":"failed","statusDetails":"AssertionError: Expected expression '5.5 + 2.2 =', but got '5.5 + 2.2 ='\nassert '5.5 + 2.2 =' != '5.5 + 2.2 ='","time":{"start":1729344357040,"stop":1729344360578,"duration":3538}},{"uid":"53a70a28f2837715","reportUrl":"https://DinaButko.github.io/calculator/27//#testresult/53a70a28f2837715","status":"failed","statusDetails":"AssertionError: Expected expression '5.5 + 2.2 =', but got '5.5 + 2.2 ='\nassert '5.5 + 2.2 =' != '5.5 + 2.2 ='","time":{"start":1729344171079,"stop":1729344173928,"duration":2849}},{"uid":"c2d90d01525f26b7","reportUrl":"https://DinaButko.github.io/calculator/26//#testresult/c2d90d01525f26b7","status":"passed","time":{"start":1729343920353,"stop":1729343923439,"duration":3086}},{"uid":"19ca539e4613d6b7","reportUrl":"https://DinaButko.github.io/calculator/25//#testresult/19ca539e4613d6b7","status":"passed","time":{"start":1729307095499,"stop":1729307100794,"duration":5295}}]},"tags":[]},"source":"f1d89858719befb7.json","parameterValues":["'5.5 + 2.2 ='","'7.7'","'5.5'","'2.2'","'+'"]}